<?xml version="1.0" encoding="UTF-8"?>
<testsuite name="Job Search Test"
           tests="3"
           failures="0"
           errors="0"
           skipped="0"
           time="3.156">
  <properties />
  
  
            <testcase name="anAustralianCominToUKForTourism" time="0.895" classname="gov.uk.check.visa.testsuite.VisaConfirmationTest" />
                <testcase name="aChileanComingToTheUKForWorkAndPlansOnStayingForLongerThanSixMonths" time="1.414" classname="gov.uk.check.visa.testsuite.VisaConfirmationTest" />
                <testcase name="aColumbianNationalComingToTheUKToJoinAPartnerForALongStayTheyDoHaveAnArticle10Or20Card" time="0.847" classname="gov.uk.check.visa.testsuite.VisaConfirmationTest" />
      
</testsuite>
